[11:44:39] [main/INFO] (FabricLoader/GameProvider) Loading Minecraft 1.20.4 with Fabric Loader 0.15.3
[11:44:39] [main/INFO] (FabricLoader) Loading 43 mods:
	- fabric-api 0.93.1+1.20.4
	- fabric-api-base 0.4.35+78d798af4f
	- fabric-api-lookup-api-v1 1.6.46+82b1bb3e4f
	- fabric-biome-api-v1 13.0.15+78d798af4f
	- fabric-block-api-v1 1.0.14+78d798af4f
	- fabric-block-view-api-v2 1.0.3+78d798af4f
	- fabric-command-api-v1 1.2.40+f71b366f4f
	- fabric-command-api-v2 2.2.19+78d798af4f
	- fabric-commands-v0 0.2.57+df3654b34f
	- fabric-containers-v0 0.1.83+df3654b34f
	- fabric-content-registries-v0 5.0.9+78d798af4f
	- fabric-convention-tags-v1 1.5.9+78d798af4f
	- fabric-crash-report-info-v1 0.2.22+78d798af4f
	- fabric-data-generation-api-v1 13.1.19+78d798af4f
	- fabric-dimensions-v1 2.1.60+78d798af4f
	- fabric-entity-events-v1 1.5.28+4ced05924f
	- fabric-events-interaction-v0 0.7.0+389931eb4f
	- fabric-events-lifecycle-v0 0.2.71+df3654b34f
	- fabric-game-rule-api-v1 1.0.45+78d798af4f
	- fabric-gametest-api-v1 1.3.0+a21facc04f
	- fabric-item-api-v1 2.1.34+78d798af4f
	- fabric-item-group-api-v1 4.0.20+78d798af4f
	- fabric-lifecycle-events-v1 2.2.29+78d798af4f
	- fabric-loot-api-v2 2.1.4+78d798af4f
	- fabric-message-api-v1 6.0.4+78d798af4f
	- fabric-mining-level-api-v1 2.1.59+78d798af4f
	- fabric-networking-api-v1 3.1.4+b7e146354f
	- fabric-object-builder-api-v1 13.0.8+06274a474f
	- fabric-particles-v1 1.1.6+78d798af4f
	- fabric-recipe-api-v1 2.0.17+78d798af4f
	- fabric-registry-sync-v0 4.0.15+78d798af4f
	- fabric-rendering-data-attachment-v1 0.3.41+73761d2e4f
	- fabric-rendering-fluids-v1 3.0.32+78d798af4f
	- fabric-resource-conditions-api-v1 2.3.13+78d798af4f
	- fabric-resource-loader-v0 0.11.15+78d798af4f
	- fabric-screen-handler-api-v1 1.3.52+78d798af4f
	- fabric-transfer-api-v1 4.0.7+e84342304f
	- fabric-transitive-access-wideners-v1 5.0.13+78d798af4f
	- fabricloader 0.15.3
	   \-- mixinextras 0.3.2
	- java 17
	- minecraft 1.20.4
	- nodurability 1.0.0
[11:44:39] [main/INFO] (FabricLoader/Mixin) SpongePowered MIXIN Subsystem Version=0.8.5 Source=file:/home/shadowflare/.gradle/caches/modules-2/files-2.1/net.fabricmc/sponge-mixin/0.12.5+mixin.0.8.5/8d31fb97c3e0cd7c8dad3441851c523bcfae6d8e/sponge-mixin-0.12.5+mixin.0.8.5.jar Service=Knot/Fabric Env=SERVER
[11:44:39] [main/INFO] (FabricLoader/Mixin) Loaded Fabric development mappings for mixin remapper!
[11:44:39] [main/INFO] (FabricLoader/Mixin) Compatibility level set to JAVA_17
[11:44:40] [main/INFO] (FabricLoader/MixinExtras|Service) Initializing MixinExtras via com.llamalad7.mixinextras.service.MixinExtrasServiceImpl(version=0.3.2).
[11:44:45] [main/INFO] (fabric-networking-api-v1) Force Packet Serialization is enabled to mimic remote connection on single player, this is the default behaviour on dev env. Add -Dfabric-api.networking.force-packet-serialization=false JVM arg to disable it.
[11:44:45] [main/INFO] (Minecraft) Environment: Environment[sessionHost=https://sessionserver.mojang.com, servicesHost=https://api.minecraftservices.com, name=PROD]
[11:44:47] [main/INFO] (Minecraft) Loaded 7 recipes
[11:44:47] [main/INFO] (Minecraft) Loaded 1271 advancements
[11:44:47] [main/INFO] (BiomeModificationImpl) Applied 0 biome modifications to 0 of 64 new biomes in 1.118 ms
[11:44:47] [Server thread/INFO] (Minecraft) Starting minecraft server version 1.20.4
[11:44:47] [Server thread/INFO] (Minecraft) Loading properties
[11:44:47] [Server thread/INFO] (Minecraft) Default game type: SURVIVAL
[11:44:47] [Server thread/INFO] (Minecraft) Generating keypair
[11:44:47] [Server thread/INFO] (Minecraft) Starting Minecraft server on *:25565
[11:44:47] [Server thread/INFO] (Minecraft) Using epoll channel type
[11:44:47] [Server thread/INFO] (Minecraft) Preparing level "world"
[11:44:49] [Server thread/INFO] (Minecraft) Preparing start region for dimension minecraft:overworld
[11:44:49] [Server thread/INFO] (Minecraft) Preparing spawn area: 0%
[11:44:50] [Worker-Main-12/INFO] (Minecraft) Preparing spawn area: 83%
[11:44:50] [Worker-Main-5/INFO] (Minecraft) Preparing spawn area: 83%
[11:44:51] [Worker-Main-14/INFO] (Minecraft) Preparing spawn area: 83%
[11:44:51] [Worker-Main-8/INFO] (Minecraft) Preparing spawn area: 83%
[11:44:52] [Worker-Main-11/INFO] (Minecraft) Preparing spawn area: 86%
[11:44:52] [Worker-Main-15/INFO] (Minecraft) Preparing spawn area: 93%
[11:44:52] [Server thread/INFO] (Minecraft) Time elapsed: 3170 ms
[11:44:52] [Server thread/INFO] (Minecraft) Done (4.939s)! For help, type "help"
[11:45:03] [User Authenticator #1/INFO] (Minecraft) UUID of player TheRealPugPlays is becb63ea-dbfe-4c2b-9ac8-856dff07fd8b
[11:45:03] [Server thread/INFO] (Minecraft) TheRealPugPlays[/127.0.0.1:52660] logged in with entity id 1 at (-0.993116382244374, 120.0, 2.4803861477757807)
[11:45:03] [Server thread/INFO] (Minecraft) TheRealPugPlays joined the game
[11:45:13] [Server thread/INFO] (Minecraft) TheRealPugPlays lost connection: Disconnected
[11:45:13] [Server thread/INFO] (Minecraft) TheRealPugPlays left the game
[11:45:16] [Server thread/INFO] (Minecraft) Stopping the server
[11:45:16] [Server thread/INFO] (Minecraft) Stopping server
[11:45:16] [Server thread/INFO] (Minecraft) Saving players
[11:45:16] [Server thread/INFO] (Minecraft) Saving worlds
[11:45:17] [Server thread/INFO] (Minecraft) Saving chunks for level 'ServerLevel[world]'/minecraft:overworld
[11:45:17] [Server thread/INFO] (Minecraft) Saving chunks for level 'ServerLevel[world]'/minecraft:the_end
[11:45:17] [Server thread/INFO] (Minecraft) Saving chunks for level 'ServerLevel[world]'/minecraft:the_nether
[11:45:17] [Server thread/INFO] (Minecraft) ThreadedAnvilChunkStorage (world): All chunks are saved
[11:45:17] [Server thread/INFO] (Minecraft) ThreadedAnvilChunkStorage (DIM1): All chunks are saved
[11:45:17] [Server thread/INFO] (Minecraft) ThreadedAnvilChunkStorage (DIM-1): All chunks are saved
[11:45:17] [Server thread/INFO] (Minecraft) ThreadedAnvilChunkStorage: All dimensions are saved
